{"/home/shubham/Desktop/namste-react/src/components/Contact.js": {"path":"/home/shubham/Desktop/namste-react/src/components/Contact.js","statementMap":{"0":{"start":{"line":1,"column":16},"end":{"line":22,"column":1}},"1":{"start":{"line":2,"column":2},"end":{"line":21,"column":4}}},"fnMap":{"0":{"name":"(anonymous_0)","decl":{"start":{"line":1,"column":16},"end":{"line":1,"column":17}},"loc":{"start":{"line":1,"column":22},"end":{"line":22,"column":1}},"line":1}},"branchMap":{},"s":{"0":1,"1":3},"f":{"0":3},"b":{},"_coverageSchema":"1a1c01bbd47fc00a2c39e90264f33305004495a9","hash":"1b1260faa63c6bf2b08e136e51df67e1c24433bd"}
,"/home/shubham/Desktop/namste-react/src/components/Header.js": {"path":"/home/shubham/Desktop/namste-react/src/components/Header.js","statementMap":{"0":{"start":{"line":9,"column":15},"end":{"line":60,"column":1}},"1":{"start":{"line":10,"column":32},"end":{"line":10,"column":49}},"2":{"start":{"line":11,"column":23},"end":{"line":11,"column":40}},"3":{"start":{"line":12,"column":27},"end":{"line":12,"column":50}},"4":{"start":{"line":15,"column":20},"end":{"line":15,"column":60}},"5":{"start":{"line":15,"column":43},"end":{"line":15,"column":59}},"6":{"start":{"line":16,"column":24},"end":{"line":16,"column":40}},"7":{"start":{"line":18,"column":2},"end":{"line":59,"column":4}},"8":{"start":{"line":48,"column":14},"end":{"line":48,"column":78}}},"fnMap":{"0":{"name":"(anonymous_0)","decl":{"start":{"line":9,"column":15},"end":{"line":9,"column":16}},"loc":{"start":{"line":9,"column":21},"end":{"line":60,"column":1}},"line":9},"1":{"name":"(anonymous_1)","decl":{"start":{"line":15,"column":32},"end":{"line":15,"column":33}},"loc":{"start":{"line":15,"column":43},"end":{"line":15,"column":59}},"line":15},"2":{"name":"(anonymous_2)","decl":{"start":{"line":47,"column":21},"end":{"line":47,"column":22}},"loc":{"start":{"line":48,"column":14},"end":{"line":48,"column":78}},"line":48}},"branchMap":{"0":{"loc":{"start":{"line":26,"column":13},"end":{"line":26,"column":70}},"type":"cond-expr","locations":[{"start":{"line":26,"column":28},"end":{"line":26,"column":47}},{"start":{"line":26,"column":50},"end":{"line":26,"column":70}}],"line":26},"1":{"loc":{"start":{"line":42,"column":42},"end":{"line":42,"column":72}},"type":"cond-expr","locations":[{"start":{"line":42,"column":64},"end":{"line":42,"column":67}},{"start":{"line":42,"column":70},"end":{"line":42,"column":72}}],"line":42},"2":{"loc":{"start":{"line":48,"column":14},"end":{"line":48,"column":78}},"type":"cond-expr","locations":[{"start":{"line":48,"column":36},"end":{"line":48,"column":56}},{"start":{"line":48,"column":59},"end":{"line":48,"column":78}}],"line":48}},"s":{"0":1,"1":3,"2":3,"3":3,"4":3,"5":5,"6":3,"7":3,"8":1},"f":{"0":3,"1":5,"2":1},"b":{"0":[3,0],"1":[3,0],"2":[1,0]},"_coverageSchema":"1a1c01bbd47fc00a2c39e90264f33305004495a9","hash":"995b60f336d201cefff9b683c1c7ce1e76d1f471"}
,"/home/shubham/Desktop/namste-react/src/components/sum.js": {"path":"/home/shubham/Desktop/namste-react/src/components/sum.js","statementMap":{"0":{"start":{"line":1,"column":19},"end":{"line":3,"column":1}},"1":{"start":{"line":2,"column":2},"end":{"line":2,"column":15}}},"fnMap":{"0":{"name":"(anonymous_0)","decl":{"start":{"line":1,"column":19},"end":{"line":1,"column":20}},"loc":{"start":{"line":1,"column":29},"end":{"line":3,"column":1}},"line":1}},"branchMap":{},"s":{"0":1,"1":1},"f":{"0":1},"b":{},"_coverageSchema":"1a1c01bbd47fc00a2c39e90264f33305004495a9","hash":"41f83732c398c6e807513d0d54d89b1e889ad1f0"}
,"/home/shubham/Desktop/namste-react/src/utils/UserContext.js": {"path":"/home/shubham/Desktop/namste-react/src/utils/UserContext.js","statementMap":{"0":{"start":{"line":2,"column":20},"end":{"line":2,"column":67}}},"fnMap":{},"branchMap":{},"s":{"0":1},"f":{},"b":{},"_coverageSchema":"1a1c01bbd47fc00a2c39e90264f33305004495a9","hash":"78d24831162c70c873f05eb2a941688e7057d7c0"}
,"/home/shubham/Desktop/namste-react/src/utils/appStore.js": {"path":"/home/shubham/Desktop/namste-react/src/utils/appStore.js","statementMap":{"0":{"start":{"line":3,"column":17},"end":{"line":7,"column":2}}},"fnMap":{},"branchMap":{},"s":{"0":1},"f":{},"b":{},"_coverageSchema":"1a1c01bbd47fc00a2c39e90264f33305004495a9","hash":"35b86827573c80ce7224955a1d8b617c076824d4"}
,"/home/shubham/Desktop/namste-react/src/utils/cartSlice.js": {"path":"/home/shubham/Desktop/namste-react/src/utils/cartSlice.js","statementMap":{"0":{"start":{"line":2,"column":18},"end":{"line":19,"column":2}},"1":{"start":{"line":9,"column":6},"end":{"line":9,"column":39}},"2":{"start":{"line":12,"column":6},"end":{"line":12,"column":24}},"3":{"start":{"line":16,"column":6},"end":{"line":16,"column":23}},"4":{"start":{"line":21,"column":50},"end":{"line":21,"column":67}}},"fnMap":{"0":{"name":"(anonymous_0)","decl":{"start":{"line":8,"column":13},"end":{"line":8,"column":14}},"loc":{"start":{"line":8,"column":32},"end":{"line":10,"column":5}},"line":8},"1":{"name":"(anonymous_1)","decl":{"start":{"line":11,"column":16},"end":{"line":11,"column":17}},"loc":{"start":{"line":11,"column":27},"end":{"line":13,"column":5}},"line":11},"2":{"name":"(anonymous_2)","decl":{"start":{"line":14,"column":15},"end":{"line":14,"column":16}},"loc":{"start":{"line":14,"column":26},"end":{"line":17,"column":5}},"line":14}},"branchMap":{},"s":{"0":1,"1":0,"2":0,"3":0,"4":1},"f":{"0":0,"1":0,"2":0},"b":{},"_coverageSchema":"1a1c01bbd47fc00a2c39e90264f33305004495a9","hash":"cae817217080917c4cdf8e641c367cbc4d2aa2da"}
,"/home/shubham/Desktop/namste-react/src/utils/constants.js": {"path":"/home/shubham/Desktop/namste-react/src/utils/constants.js","statementMap":{"0":{"start":{"line":2,"column":2},"end":{"line":2,"column":80}},"1":{"start":{"line":5,"column":2},"end":{"line":5,"column":78}},"2":{"start":{"line":8,"column":2},"end":{"line":8,"column":125}},"3":{"start":{"line":11,"column":2},"end":{"line":11,"column":147}}},"fnMap":{},"branchMap":{},"s":{"0":1,"1":1,"2":1,"3":1},"f":{},"b":{},"_coverageSchema":"1a1c01bbd47fc00a2c39e90264f33305004495a9","hash":"1112f927111a15082bea7e172b57d078cd47c3e3"}
,"/home/shubham/Desktop/namste-react/src/utils/useOnlineStatus.js": {"path":"/home/shubham/Desktop/namste-react/src/utils/useOnlineStatus.js","statementMap":{"0":{"start":{"line":2,"column":24},"end":{"line":14,"column":1}},"1":{"start":{"line":3,"column":42},"end":{"line":3,"column":56}},"2":{"start":{"line":5,"column":2},"end":{"line":12,"column":9}},"3":{"start":{"line":6,"column":4},"end":{"line":8,"column":7}},"4":{"start":{"line":7,"column":6},"end":{"line":7,"column":29}},"5":{"start":{"line":9,"column":4},"end":{"line":11,"column":7}},"6":{"start":{"line":10,"column":6},"end":{"line":10,"column":28}},"7":{"start":{"line":13,"column":2},"end":{"line":13,"column":22}}},"fnMap":{"0":{"name":"(anonymous_0)","decl":{"start":{"line":2,"column":24},"end":{"line":2,"column":25}},"loc":{"start":{"line":2,"column":30},"end":{"line":14,"column":1}},"line":2},"1":{"name":"(anonymous_1)","decl":{"start":{"line":5,"column":12},"end":{"line":5,"column":13}},"loc":{"start":{"line":5,"column":18},"end":{"line":12,"column":3}},"line":5},"2":{"name":"(anonymous_2)","decl":{"start":{"line":6,"column":39},"end":{"line":6,"column":40}},"loc":{"start":{"line":6,"column":45},"end":{"line":8,"column":5}},"line":6},"3":{"name":"(anonymous_3)","decl":{"start":{"line":9,"column":38},"end":{"line":9,"column":39}},"loc":{"start":{"line":9,"column":44},"end":{"line":11,"column":5}},"line":9}},"branchMap":{},"s":{"0":1,"1":3,"2":3,"3":2,"4":0,"5":2,"6":0,"7":3},"f":{"0":3,"1":2,"2":0,"3":0},"b":{},"_coverageSchema":"1a1c01bbd47fc00a2c39e90264f33305004495a9","hash":"549e496caed30e8d70cc67d298553699e075f198"}
}
